# JRE version: OpenJDK Runtime Environment Temurin-17.0.13+11 (17.0.13+11) (build 17.0.13+11)
# Java VM: OpenJDK 64-Bit Server VM Temurin-17.0.13+11 (17.0.13+11, mixed mode, tiered, compressed oops, compressed class ptrs, parallel gc, windows-amd64)
GC Precious Log:
 CPUs: 12 total, 12 available
 Memory: 15571M
 Large Page Support: Disabled
 NUMA Support: Disabled
 Compressed Oops: Enabled (32-bit)
 Alignments: Space 512K, Generation 512K, Heap 2M
 Heap Min Capacity: 100M
 Heap Initial Capacity: 100M
 Heap Max Capacity: 1G
 Pre-touch: Disabled
 Parallel Workers: 10
Heap:
 PSYoungGen      total 10240K, used 2513K [0x00000000eab00000, 0x00000000eb780000, 0x0000000100000000)
  eden space 8192K, 8% used [0x00000000eab00000,0x00000000eabb6788,0x00000000eb300000)
  from space 2048K, 87% used [0x00000000eb480000,0x00000000eb63de08,0x00000000eb680000)
  to   space 1024K, 0% used [0x00000000eb680000,0x00000000eb680000,0x00000000eb780000)
 ParOldGen       total 68608K, used 63795K [0x00000000c0000000, 0x00000000c4300000, 0x00000000eab00000)
  object space 68608K, 92% used [0x00000000c0000000,0x00000000c3e4cf90,0x00000000c4300000)
 Metaspace       used 57291K, committed 58432K, reserved 1114112K
  class space    used 6174K, committed 6720K, reserved 1048576K
GC Heap History (20 events):
Event: 5.177 GC heap before
{Heap before GC invocations=42 (full 2):
 PSYoungGen      total 11776K, used 11767K [0x00000000eab00000, 0x00000000ebb00000, 0x0000000100000000)
  eden space 10240K, 100% used [0x00000000eab00000,0x00000000eb500000,0x00000000eb500000)
  from space 1536K, 99% used [0x00000000eb500000,0x00000000eb67dfa0,0x00000000eb680000)
  to   space 3072K, 0% used [0x00000000eb800000,0x00000000eb800000,0x00000000ebb00000)
 ParOldGen       total 68608K, used 53491K [0x00000000c0000000, 0x00000000c4300000, 0x00000000eab00000)
  object space 68608K, 77% used [0x00000000c0000000,0x00000000c343cd80,0x00000000c4300000)
 Metaspace       used 52004K, committed 53184K, reserved 1114112K
  class space    used 5538K, committed 6080K, reserved 1048576K
}
Event: 5.179 GC heap after
{Heap after GC invocations=42 (full 2):
 PSYoungGen      total 12288K, used 2006K [0x00000000eab00000, 0x00000000eba00000, 0x0000000100000000)
  eden space 10240K, 0% used [0x00000000eab00000,0x00000000eab00000,0x00000000eb500000)
  from space 2048K, 97% used [0x00000000eb800000,0x00000000eb9f5970,0x00000000eba00000)
  to   space 2560K, 0% used [0x00000000eb500000,0x00000000eb500000,0x00000000eb780000)
 ParOldGen       total 68608K, used 54886K [0x00000000c0000000, 0x00000000c4300000, 0x00000000eab00000)
  object space 68608K, 80% used [0x00000000c0000000,0x00000000c3599b88,0x00000000c4300000)
 Metaspace       used 52004K, committed 53184K, reserved 1114112K
  class space    used 5538K, committed 6080K, reserved 1048576K
}
Event: 5.230 GC heap before
{Heap before GC invocations=43 (full 2):
 PSYoungGen      total 12288K, used 12246K [0x00000000eab00000, 0x00000000eba00000, 0x0000000100000000)
  eden space 10240K, 100% used [0x00000000eab00000,0x00000000eb500000,0x00000000eb500000)
  from space 2048K, 97% used [0x00000000eb800000,0x00000000eb9f5970,0x00000000eba00000)
  to   space 2560K, 0% used [0x00000000eb500000,0x00000000eb500000,0x00000000eb780000)
 ParOldGen       total 68608K, used 54886K [0x00000000c0000000, 0x00000000c4300000, 0x00000000eab00000)
  object space 68608K, 80% used [0x00000000c0000000,0x00000000c3599b88,0x00000000c4300000)
 Metaspace       used 52541K, committed 53696K, reserved 1114112K
  class space    used 5601K, committed 6144K, reserved 1048576K
}
Event: 5.232 GC heap after
{Heap after GC invocations=43 (full 2):
 PSYoungGen      total 12288K, used 1671K [0x00000000eab00000, 0x00000000eb900000, 0x0000000100000000)
  eden space 10240K, 0% used [0x00000000eab00000,0x00000000eab00000,0x00000000eb500000)
  from space 2048K, 81% used [0x00000000eb500000,0x00000000eb6a1c88,0x00000000eb700000)
  to   space 2048K, 0% used [0x00000000eb700000,0x00000000eb700000,0x00000000eb900000)
 ParOldGen       total 68608K, used 56693K [0x00000000c0000000, 0x00000000c4300000, 0x00000000eab00000)
  object space 68608K, 82% used [0x00000000c0000000,0x00000000c375d588,0x00000000c4300000)
 Metaspace       used 52541K, committed 53696K, reserved 1114112K
  class space    used 5601K, committed 6144K, reserved 1048576K
}
Event: 5.299 GC heap before
{Heap before GC invocations=44 (full 2):
 PSYoungGen      total 12288K, used 11911K [0x00000000eab00000, 0x00000000eb900000, 0x0000000100000000)
  eden space 10240K, 100% used [0x00000000eab00000,0x00000000eb500000,0x00000000eb500000)
  from space 2048K, 81% used [0x00000000eb500000,0x00000000eb6a1c88,0x00000000eb700000)
  to   space 2048K, 0% used [0x00000000eb700000,0x00000000eb700000,0x00000000eb900000)
 ParOldGen       total 68608K, used 56693K [0x00000000c0000000, 0x00000000c4300000, 0x00000000eab00000)
  object space 68608K, 82% used [0x00000000c0000000,0x00000000c375d588,0x00000000c4300000)
 Metaspace       used 52985K, committed 54144K, reserved 1114112K
  class space    used 5666K, committed 6208K, reserved 1048576K
}
Event: 5.300 GC heap after
{Heap after GC invocations=44 (full 2):
 PSYoungGen      total 12288K, used 1606K [0x00000000eab00000, 0x00000000eb900000, 0x0000000100000000)
  eden space 10240K, 0% used [0x00000000eab00000,0x00000000eab00000,0x00000000eb500000)
  from space 2048K, 78% used [0x00000000eb700000,0x00000000eb891a20,0x00000000eb900000)
  to   space 2048K, 0% used [0x00000000eb500000,0x00000000eb500000,0x00000000eb700000)
 ParOldGen       total 68608K, used 58233K [0x00000000c0000000, 0x00000000c4300000, 0x00000000eab00000)
  object space 68608K, 84% used [0x00000000c0000000,0x00000000c38de6d8,0x00000000c4300000)
 Metaspace       used 52985K, committed 54144K, reserved 1114112K
  class space    used 5666K, committed 6208K, reserved 1048576K
}
Event: 5.406 GC heap before
{Heap before GC invocations=45 (full 2):
 PSYoungGen      total 12288K, used 11846K [0x00000000eab00000, 0x00000000eb900000, 0x0000000100000000)
  eden space 10240K, 100% used [0x00000000eab00000,0x00000000eb500000,0x00000000eb500000)
  from space 2048K, 78% used [0x00000000eb700000,0x00000000eb891a20,0x00000000eb900000)
  to   space 2048K, 0% used [0x00000000eb500000,0x00000000eb500000,0x00000000eb700000)
 ParOldGen       total 68608K, used 58233K [0x00000000c0000000, 0x00000000c4300000, 0x00000000eab00000)
  object space 68608K, 84% used [0x00000000c0000000,0x00000000c38de6d8,0x00000000c4300000)
 Metaspace       used 53556K, committed 54720K, reserved 1114112K
  class space    used 5755K, committed 6272K, reserved 1048576K
}
Event: 5.408 GC heap after
{Heap after GC invocations=45 (full 2):
 PSYoungGen      total 12288K, used 1786K [0x00000000eab00000, 0x00000000eb900000, 0x0000000100000000)
  eden space 10240K, 0% used [0x00000000eab00000,0x00000000eab00000,0x00000000eb500000)
  from space 2048K, 87% used [0x00000000eb500000,0x00000000eb6bea98,0x00000000eb700000)
  to   space 2048K, 0% used [0x00000000eb700000,0x00000000eb700000,0x00000000eb900000)
 ParOldGen       total 68608K, used 59654K [0x00000000c0000000, 0x00000000c4300000, 0x00000000eab00000)
  object space 68608K, 86% used [0x00000000c0000000,0x00000000c3a41808,0x00000000c4300000)
 Metaspace       used 53556K, committed 54720K, reserved 1114112K
  class space    used 5755K, committed 6272K, reserved 1048576K
}
Event: 5.492 GC heap before
{Heap before GC invocations=46 (full 2):
 PSYoungGen      total 12288K, used 12026K [0x00000000eab00000, 0x00000000eb900000, 0x0000000100000000)
  eden space 10240K, 100% used [0x00000000eab00000,0x00000000eb500000,0x00000000eb500000)
  from space 2048K, 87% used [0x00000000eb500000,0x00000000eb6bea98,0x00000000eb700000)
  to   space 2048K, 0% used [0x00000000eb700000,0x00000000eb700000,0x00000000eb900000)
 ParOldGen       total 68608K, used 59654K [0x00000000c0000000, 0x00000000c4300000, 0x00000000eab00000)
  object space 68608K, 86% used [0x00000000c0000000,0x00000000c3a41808,0x00000000c4300000)
 Metaspace       used 54363K, committed 55552K, reserved 1114112K
  class space    used 5858K, committed 6400K, reserved 1048576K
}
Event: 5.495 GC heap after
{Heap after GC invocations=46 (full 2):
 PSYoungGen      total 11776K, used 1165K [0x00000000eab00000, 0x00000000eb880000, 0x0000000100000000)
  eden space 10240K, 0% used [0x00000000eab00000,0x00000000eab00000,0x00000000eb500000)
  from space 1536K, 75% used [0x00000000eb700000,0x00000000eb8235d8,0x00000000eb880000)
  to   space 1536K, 0% used [0x00000000eb580000,0x00000000eb580000,0x00000000eb700000)
 ParOldGen       total 68608K, used 61284K [0x00000000c0000000, 0x00000000c4300000, 0x00000000eab00000)
  object space 68608K, 89% used [0x00000000c0000000,0x00000000c3bd9278,0x00000000c4300000)
 Metaspace       used 54363K, committed 55552K, reserved 1114112K
  class space    used 5858K, committed 6400K, reserved 1048576K
}
Event: 5.576 GC heap before
{Heap before GC invocations=47 (full 2):
 PSYoungGen      total 11776K, used 11405K [0x00000000eab00000, 0x00000000eb880000, 0x0000000100000000)
  eden space 10240K, 100% used [0x00000000eab00000,0x00000000eb500000,0x00000000eb500000)
  from space 1536K, 75% used [0x00000000eb700000,0x00000000eb8235d8,0x00000000eb880000)
  to   space 1536K, 0% used [0x00000000eb580000,0x00000000eb580000,0x00000000eb700000)
 ParOldGen       total 68608K, used 61284K [0x00000000c0000000, 0x00000000c4300000, 0x00000000eab00000)
  object space 68608K, 89% used [0x00000000c0000000,0x00000000c3bd9278,0x00000000c4300000)
 Metaspace       used 55075K, committed 56256K, reserved 1114112K
  class space    used 5933K, committed 6464K, reserved 1048576K
}
Event: 5.579 GC heap after
{Heap after GC invocations=47 (full 2):
 PSYoungGen      total 11776K, used 1528K [0x00000000eab00000, 0x00000000ebb00000, 0x0000000100000000)
  eden space 10240K, 0% used [0x00000000eab00000,0x00000000eab00000,0x00000000eb500000)
  from space 1536K, 99% used [0x00000000eb580000,0x00000000eb6fe338,0x00000000eb700000)
  to   space 3072K, 0% used [0x00000000eb800000,0x00000000eb800000,0x00000000ebb00000)
 ParOldGen       total 68608K, used 62353K [0x00000000c0000000, 0x00000000c4300000, 0x00000000eab00000)
  object space 68608K, 90% used [0x00000000c0000000,0x00000000c3ce47d0,0x00000000c4300000)
 Metaspace       used 55075K, committed 56256K, reserved 1114112K
  class space    used 5933K, committed 6464K, reserved 1048576K
}
Event: 5.620 GC heap before
{Heap before GC invocations=48 (full 2):
 PSYoungGen      total 11776K, used 11768K [0x00000000eab00000, 0x00000000ebb00000, 0x0000000100000000)
  eden space 10240K, 100% used [0x00000000eab00000,0x00000000eb500000,0x00000000eb500000)
  from space 1536K, 99% used [0x00000000eb580000,0x00000000eb6fe338,0x00000000eb700000)
  to   space 3072K, 0% used [0x00000000eb800000,0x00000000eb800000,0x00000000ebb00000)
 ParOldGen       total 68608K, used 62353K [0x00000000c0000000, 0x00000000c4300000, 0x00000000eab00000)
  object space 68608K, 90% used [0x00000000c0000000,0x00000000c3ce47d0,0x00000000c4300000)
 Metaspace       used 56014K, committed 57152K, reserved 1114112K
  class space    used 6023K, committed 6528K, reserved 1048576K
}
Event: 5.622 GC heap after
{Heap after GC invocations=48 (full 2):
 PSYoungGen      total 11776K, used 1428K [0x00000000eab00000, 0x00000000eb980000, 0x0000000100000000)
  eden space 10240K, 0% used [0x00000000eab00000,0x00000000eab00000,0x00000000eb500000)
  from space 1536K, 93% used [0x00000000eb800000,0x00000000eb965360,0x00000000eb980000)
  to   space 2048K, 0% used [0x00000000eb580000,0x00000000eb580000,0x00000000eb780000)
 ParOldGen       total 68608K, used 63731K [0x00000000c0000000, 0x00000000c4300000, 0x00000000eab00000)
  object space 68608K, 92% used [0x00000000c0000000,0x00000000c3e3cdb0,0x00000000c4300000)
 Metaspace       used 56014K, committed 57152K, reserved 1114112K
  class space    used 6023K, committed 6528K, reserved 1048576K
}
Event: 5.666 GC heap before
{Heap before GC invocations=49 (full 2):
 PSYoungGen      total 11776K, used 11668K [0x00000000eab00000, 0x00000000eb980000, 0x0000000100000000)
  eden space 10240K, 100% used [0x00000000eab00000,0x00000000eb500000,0x00000000eb500000)
  from space 1536K, 93% used [0x00000000eb800000,0x00000000eb965360,0x00000000eb980000)
  to   space 2048K, 0% used [0x00000000eb580000,0x00000000eb580000,0x00000000eb780000)
 ParOldGen       total 68608K, used 63731K [0x00000000c0000000, 0x00000000c4300000, 0x00000000eab00000)
  object space 68608K, 92% used [0x00000000c0000000,0x00000000c3e3cdb0,0x00000000c4300000)
 Metaspace       used 56737K, committed 57856K, reserved 1114112K
  class space    used 6118K, committed 6656K, reserved 1048576K
}
Event: 5.668 GC heap after
{Heap after GC invocations=49 (full 2):
 PSYoungGen      total 11776K, used 1454K [0x00000000eab00000, 0x00000000eb880000, 0x0000000100000000)
  eden space 10240K, 0% used [0x00000000eab00000,0x00000000eab00000,0x00000000eb500000)
  from space 1536K, 94% used [0x00000000eb580000,0x00000000eb6eb8a0,0x00000000eb700000)
  to   space 1536K, 0% used [0x00000000eb700000,0x00000000eb700000,0x00000000eb880000)
 ParOldGen       total 68608K, used 64897K [0x00000000c0000000, 0x00000000c4300000, 0x00000000eab00000)
  object space 68608K, 94% used [0x00000000c0000000,0x00000000c3f607a0,0x00000000c4300000)
 Metaspace       used 56737K, committed 57856K, reserved 1114112K
  class space    used 6118K, committed 6656K, reserved 1048576K
}
Event: 5.744 GC heap before
{Heap before GC invocations=50 (full 2):
 PSYoungGen      total 11776K, used 11694K [0x00000000eab00000, 0x00000000eb880000, 0x0000000100000000)
  eden space 10240K, 100% used [0x00000000eab00000,0x00000000eb500000,0x00000000eb500000)
  from space 1536K, 94% used [0x00000000eb580000,0x00000000eb6eb8a0,0x00000000eb700000)
  to   space 1536K, 0% used [0x00000000eb700000,0x00000000eb700000,0x00000000eb880000)
 ParOldGen       total 68608K, used 64897K [0x00000000c0000000, 0x00000000c4300000, 0x00000000eab00000)
  object space 68608K, 94% used [0x00000000c0000000,0x00000000c3f607a0,0x00000000c4300000)
 Metaspace       used 57077K, committed 58240K, reserved 1114112K
  class space    used 6156K, committed 6720K, reserved 1048576K
}
Event: 5.746 GC heap after
{Heap after GC invocations=50 (full 2):
 PSYoungGen      total 9728K, used 1523K [0x00000000eab00000, 0x00000000ebd00000, 0x0000000100000000)
  eden space 8192K, 0% used [0x00000000eab00000,0x00000000eab00000,0x00000000eb300000)
  from space 1536K, 99% used [0x00000000eb700000,0x00000000eb87cf10,0x00000000eb880000)
  to   space 4096K, 0% used [0x00000000eb300000,0x00000000eb300000,0x00000000eb700000)
 ParOldGen       total 68608K, used 66784K [0x00000000c0000000, 0x00000000c4300000, 0x00000000eab00000)
  object space 68608K, 97% used [0x00000000c0000000,0x00000000c41380f0,0x00000000c4300000)
 Metaspace       used 57077K, committed 58240K, reserved 1114112K
  class space    used 6156K, committed 6720K, reserved 1048576K
}
Event: 5.880 GC heap before
{Heap before GC invocations=51 (full 3):
 PSYoungGen      total 9728K, used 9715K [0x00000000eab00000, 0x00000000ebd00000, 0x0000000100000000)
  eden space 8192K, 100% used [0x00000000eab00000,0x00000000eb300000,0x00000000eb300000)
  from space 1536K, 99% used [0x00000000eb700000,0x00000000eb87cf10,0x00000000eb880000)
  to   space 4096K, 0% used [0x00000000eb300000,0x00000000eb300000,0x00000000eb700000)
 ParOldGen       total 68608K, used 66784K [0x00000000c0000000, 0x00000000c4300000, 0x00000000eab00000)
  object space 68608K, 97% used [0x00000000c0000000,0x00000000c41380f0,0x00000000c4300000)
 Metaspace       used 57244K, committed 58432K, reserved 1114112K
  class space    used 6174K, committed 6720K, reserved 1048576K
}
Event: 5.944 GC heap after
{Heap after GC invocations=51 (full 3):
 PSYoungGen      total 12288K, used 0K [0x00000000eab00000, 0x00000000ebb00000, 0x0000000100000000)
  eden space 8192K, 0% used [0x00000000eab00000,0x00000000eab00000,0x00000000eb300000)
  from space 4096K, 0% used [0x00000000eb300000,0x00000000eb300000,0x00000000eb700000)
  to   space 4096K, 0% used [0x00000000eb700000,0x00000000eb700000,0x00000000ebb00000)
 ParOldGen       total 68608K, used 63795K [0x00000000c0000000, 0x00000000c4300000, 0x00000000eab00000)
  object space 68608K, 92% used [0x00000000c0000000,0x00000000c3e4cf90,0x00000000c4300000)
 Metaspace       used 57244K, committed 58432K, reserved 1114112K
  class space    used 6174K, committed 6720K, reserved 1048576K
}

